{"/home/russ/Code/React Dev Interview Assessment/src/App.tsx": {"path":"/home/russ/Code/React Dev Interview Assessment/src/App.tsx","statementMap":{"0":{"start":{"line":19,"column":2},"end":{"line":32,"column":4}}},"fnMap":{"0":{"name":"App","decl":{"start":{"line":18,"column":9},"end":{"line":18,"column":12}},"loc":{"start":{"line":18,"column":15},"end":{"line":33,"column":1}},"line":18}},"branchMap":{},"s":{"0":0},"f":{"0":0},"b":{}}
,"/home/russ/Code/React Dev Interview Assessment/src/index.tsx": {"path":"/home/russ/Code/React Dev Interview Assessment/src/index.tsx","statementMap":{"0":{"start":{"line":8,"column":0},"end":{"line":14,"column":2}}},"fnMap":{},"branchMap":{},"s":{"0":0},"f":{},"b":{}}
,"/home/russ/Code/React Dev Interview Assessment/src/components/layout/Layout.tsx": {"path":"/home/russ/Code/React Dev Interview Assessment/src/components/layout/Layout.tsx","statementMap":{"0":{"start":{"line":6,"column":25},"end":{"line":15,"column":1}},"1":{"start":{"line":7,"column":4},"end":{"line":14,"column":5}}},"fnMap":{"0":{"name":"(anonymous_0)","decl":{"start":{"line":6,"column":25},"end":{"line":6,"column":26}},"loc":{"start":{"line":6,"column":36},"end":{"line":15,"column":1}},"line":6}},"branchMap":{},"s":{"0":0,"1":0},"f":{"0":0},"b":{}}
,"/home/russ/Code/React Dev Interview Assessment/src/components/layout/MainNavigation.tsx": {"path":"/home/russ/Code/React Dev Interview Assessment/src/components/layout/MainNavigation.tsx","statementMap":{"0":{"start":{"line":6,"column":23},"end":{"line":19,"column":1}},"1":{"start":{"line":7,"column":4},"end":{"line":18,"column":5}}},"fnMap":{"0":{"name":"(anonymous_0)","decl":{"start":{"line":6,"column":23},"end":{"line":6,"column":24}},"loc":{"start":{"line":6,"column":29},"end":{"line":19,"column":1}},"line":6}},"branchMap":{},"s":{"0":0,"1":0},"f":{"0":0},"b":{}}
,"/home/russ/Code/React Dev Interview Assessment/src/components/meetup/meetup.tsx": {"path":"/home/russ/Code/React Dev Interview Assessment/src/components/meetup/meetup.tsx","statementMap":{"0":{"start":{"line":6,"column":24},"end":{"line":20,"column":1}},"1":{"start":{"line":7,"column":51},"end":{"line":7,"column":56}},"2":{"start":{"line":9,"column":4},"end":{"line":19,"column":5}}},"fnMap":{"0":{"name":"(anonymous_0)","decl":{"start":{"line":6,"column":24},"end":{"line":6,"column":25}},"loc":{"start":{"line":6,"column":43},"end":{"line":20,"column":1}},"line":6}},"branchMap":{},"s":{"0":0,"1":0,"2":0},"f":{"0":0},"b":{}}
,"/home/russ/Code/React Dev Interview Assessment/src/pages/add.tsx": {"path":"/home/russ/Code/React Dev Interview Assessment/src/pages/add.tsx","statementMap":{"0":{"start":{"line":7,"column":2},"end":{"line":16,"column":4}}},"fnMap":{"0":{"name":"AddPage","decl":{"start":{"line":4,"column":9},"end":{"line":4,"column":16}},"loc":{"start":{"line":4,"column":19},"end":{"line":17,"column":1}},"line":4}},"branchMap":{},"s":{"0":1},"f":{"0":1},"b":{},"_coverageSchema":"1a1c01bbd47fc00a2c39e90264f33305004495a9","hash":"fb498ec9f1bf167a5d49fea41035dec904b641f5"}
,"/home/russ/Code/React Dev Interview Assessment/src/pages/home.tsx": {"path":"/home/russ/Code/React Dev Interview Assessment/src/pages/home.tsx","statementMap":{"0":{"start":{"line":4,"column":4},"end":{"line":17,"column":4}}},"fnMap":{"0":{"name":"HomePage","decl":{"start":{"line":3,"column":9},"end":{"line":3,"column":17}},"loc":{"start":{"line":3,"column":20},"end":{"line":18,"column":1}},"line":3}},"branchMap":{},"s":{"0":0},"f":{"0":0},"b":{}}
,"/home/russ/Code/React Dev Interview Assessment/src/store/dummy-meetups.ts": {"path":"/home/russ/Code/React Dev Interview Assessment/src/store/dummy-meetups.ts","statementMap":{"0":{"start":{"line":3,"column":39},"end":{"line":25,"column":1}}},"fnMap":{},"branchMap":{},"s":{"0":0},"f":{},"b":{}}
,"/home/russ/Code/React Dev Interview Assessment/src/store/meetup.ts": {"path":"/home/russ/Code/React Dev Interview Assessment/src/store/meetup.ts","statementMap":{},"fnMap":{},"branchMap":{},"s":{},"f":{},"b":{}}
}
